<?xml version="1.0" encoding="UTF-8"?>
<testsuite xmlns:xsi="http://www.w3.org/2001/XMLSchema-instance" xsi:noNamespaceSchemaLocation="https://maven.apache.org/surefire/maven-surefire-plugin/xsd/surefire-test-report-3.0.xsd" version="3.0" name="TestSuite" time="12.52" tests="4" errors="0" skipped="0" failures="3">
  <properties>
[...]
</properties>
  <testcase name="runScenario[&quot;Invalid login – invalid user/pass&quot;, &quot;Test Login Page&quot;](1)" classname="Runner.Runners" time="10.563">
    <system-out><![CDATA[----------Onstart-------
Global setup: Report path set to D:\Edrive\Study\Geeta_Workspace\com.SeleniumBDDTestNg/target/SparkReport/ExtentReport_1765702918220.html

Scenario Outline: Invalid login – wrong password                        # src/test/resources/Features/StudentLogin.feature:21

Scenario: Valid login with correct credentials                                                      # src/test/resources/Features/StudentLogin.feature:4

Scenario Outline: Invalid login – invalid user/pass                      # src/test/resources/Features/StudentLogin.feature:20

Scenario Outline: Invalid login – blank credentials                     # src/test/resources/Features/StudentLogin.feature:22
--Hook SetUp----
--Hook SetUp----
--Hook SetUp----
--Hook SetUp----
  Given user is on the login page                                        # StepDefinitions.StudentLoginPageStepDef.user_is_on_the_login_page()
  Given user is on the login page                                                                   # StepDefinitions.StudentLoginPageStepDef.user_is_on_the_login_page()
  When the user enters username "invalidUser" and password "invalidPass" # StepDefinitions.StudentLoginPageStepDef.the_user_enters_username_and_password(java.lang.String,java.lang.String)
  When the user enters username "VALID_USER" and password "VALID_PASS"                              # StepDefinitions.StudentLoginPageStepDef.the_user_enters_username_and_password(java.lang.String,java.lang.String)
  And clicks on login button                                             # StepDefinitions.StudentLoginPageStepDef.clicks_on_login_button()
  And clicks on login button                                                                        # StepDefinitions.StudentLoginPageStepDef.clicks_on_login_button()
  Then verify new page URL contains "https://practicetestautomation.com/logged-in-successfully/"    # StepDefinitions.StudentLoginPageStepDef.verify_new_page_url_contains(java.lang.String)
      java.lang.AssertionError: expected [https://practicetestautomation.com/logged-in-successfully/] but found [https://practicetestautomation.com/practice-test-login/]
	at org.testng.Assert.fail(Assert.java:111)
	at org.testng.Assert.failNotEquals(Assert.java:1590)
	at org.testng.Assert.assertEqualsImpl(Assert.java:150)
	at org.testng.Assert.assertEquals(Assert.java:132)
	at org.testng.Assert.assertEquals(Assert.java:656)
	at org.testng.Assert.assertEquals(Assert.java:666)
	at StepDefinitions.StudentLoginPageStepDef.verify_new_page_url_contains(StudentLoginPageStepDef.java:47)
	at ✽.verify new page URL contains "https://practicetestautomation.com/logged-in-successfully/"(file:///D:/Edrive/Study/Geeta_Workspace/com.SeleniumBDDTestNg/src/test/resources/Features/StudentLogin.feature:8)

  And verify new page contains expected text "Congratulations student. You successfully logged in!" # StepDefinitions.StudentLoginPageStepDef.verify_new_page_contains_expected_text(java.lang.String)
  And Verify button Log out is displayed on the new page                                            # StepDefinitions.StudentLoginPageStepDef.verify_button_log_out_is_displayed_on_the_new_page()
  Then an error message "Your username is invalid!" should be displayed  # StepDefinitions.StudentLoginPageStepDef.an_error_message_should_be_displayed(java.lang.String)

    Embedding image [image/png 28069 bytes]

  Given user is on the login page                                       # StepDefinitions.StudentLoginPageStepDef.user_is_on_the_login_page()
  When the user enters username "blankUser" and password "blankPass"    # StepDefinitions.StudentLoginPageStepDef.the_user_enters_username_and_password(java.lang.String,java.lang.String)
  And clicks on login button                                            # StepDefinitions.StudentLoginPageStepDef.clicks_on_login_button()
  Then an error message "Your username is invalid!" should be displayed # StepDefinitions.StudentLoginPageStepDef.an_error_message_should_be_displayed(java.lang.String)
      org.openqa.selenium.remote.UnreachableBrowserException: Error communicating with the remote browser. It may have died.
Build info: version: '4.39.0', revision: '126f156aee'
System info: os.name: 'Windows 11', os.arch: 'amd64', os.version: '10.0', java.version: '22'
Driver info: org.openqa.selenium.chrome.ChromeDriver
Command: [c109bfe579b63abfe03324da10e25af8, getElementText [id]]
Capabilities {acceptInsecureCerts: false, browserName: chrome, browserVersion: 143.0.7499.110, chrome: {chromedriverVersion: 143.0.7499.42 (24bdc8c48a0c..., userDataDir: C:\Users\geeta\AppData\Loca...}, fedcm:accounts: true, goog:chromeOptions: {debuggerAddress: localhost:52466}, goog:processID: 26064, networkConnectionEnabled: false, pageLoadStrategy: normal, platformName: windows, proxy: Proxy(), se:cdp: ws://localhost:52466/devtoo..., se:cdpVersion: 143.0.7499.110, setWindowRect: true, strictFileInteractability: false, timeouts: {implicit: 0, pageLoad: 300000, script: 30000}, unhandledPromptBehavior: dismiss and notify, webauthn:extension:credBlob: true, webauthn:extension:largeBlob: true, webauthn:extension:minPinLength: true, webauthn:extension:prf: true, webauthn:virtualAuthenticators: true}
Element: [[ChromeDriver: chrome on windows (c109bfe579b63abfe03324da10e25af8)] -> id: error]
Session ID: c109bfe579b63abfe03324da10e25af8
	at org.openqa.selenium.remote.RemoteWebDriver.execute(RemoteWebDriver.java:592)
	at org.openqa.selenium.remote.RemoteWebElement.execute(RemoteWebElement.java:223)
	at org.openqa.selenium.remote.RemoteWebElement.getText(RemoteWebElement.java:191)
	at Pages.StudentLoginPage.getErrorMessage(StudentLoginPage.java:55)
	at StepDefinitions.StudentLoginPageStepDef.an_error_message_should_be_displayed(StudentLoginPageStepDef.java:70)
	at ✽.an error message "Your username is invalid!" should be displayed(file:///D:/Edrive/Study/Geeta_Workspace/com.SeleniumBDDTestNg/src/test/resources/Features/StudentLogin.feature:16)
Caused by: java.io.UncheckedIOException: java.io.IOException: Task jdk.internal.net.http.common.SequentialScheduler$SchedulableTask@5bfb557d rejected from java.util.concurrent.ThreadPoolExecutor@742a20b1[Shutting down, pool size = 2, active threads = 2, queued tasks = 0, completed tasks = 154]
	at org.openqa.selenium.remote.http.jdk.JdkHttpClient.execute0(JdkHttpClient.java:503)
	at org.openqa.selenium.remote.http.AddSeleniumUserAgent.lambda$apply$0(AddSeleniumUserAgent.java:44)
	at org.openqa.selenium.remote.http.Filter.lambda$andFinally$1(Filter.java:55)
	at org.openqa.selenium.remote.http.jdk.JdkHttpClient.lambda$executeAsync$2(JdkHttpClient.java:388)
	at java.base/java.util.concurrent.Executors$RunnableAdapter.call(Executors.java:572)
	at java.base/java.util.concurrent.FutureTask.run(FutureTask.java:317)
	at java.base/java.util.concurrent.ThreadPoolExecutor.runWorker(ThreadPoolExecutor.java:1144)
	at java.base/java.util.concurrent.ThreadPoolExecutor$Worker.run(ThreadPoolExecutor.java:642)
	at java.base/java.lang.Thread.run(Thread.java:1570)
Caused by: java.io.IOException: Task jdk.internal.net.http.common.SequentialScheduler$SchedulableTask@5bfb557d rejected from java.util.concurrent.ThreadPoolExecutor@742a20b1[Shutting down, pool size = 2, active threads = 2, queued tasks = 0, completed tasks = 154]
	at java.net.http/jdk.internal.net.http.HttpClientImpl.send(HttpClientImpl.java:971)
	at java.net.http/jdk.internal.net.http.HttpClientFacade.send(HttpClientFacade.java:133)
	at org.openqa.selenium.remote.http.jdk.JdkHttpClient.execute0(JdkHttpClient.java:462)
	... 8 more
Caused by: java.util.concurrent.RejectedExecutionException: Task jdk.internal.net.http.common.SequentialScheduler$SchedulableTask@5bfb557d rejected from java.util.concurrent.ThreadPoolExecutor@742a20b1[Shutting down, pool size = 2, active threads = 2, queued tasks = 0, completed tasks = 154]
	at java.base/java.util.concurrent.ThreadPoolExecutor$AbortPolicy.rejectedExecution(ThreadPoolExecutor.java:2081)
	at java.base/java.util.concurrent.ThreadPoolExecutor.reject(ThreadPoolExecutor.java:841)
	at java.base/java.util.concurrent.ThreadPoolExecutor.execute(ThreadPoolExecutor.java:1376)
	at java.net.http/jdk.internal.net.http.HttpClientImpl$DelegatingExecutor.ensureExecutedAsync(HttpClientImpl.java:184)
	at java.net.http/jdk.internal.net.http.HttpClientImpl$DelegatingExecutor.execute(HttpClientImpl.java:176)
	at java.net.http/jdk.internal.net.http.common.SequentialScheduler.runOrSchedule(SequentialScheduler.java:282)
	at java.net.http/jdk.internal.net.http.common.SequentialScheduler.runOrSchedule(SequentialScheduler.java:251)
	at java.net.http/jdk.internal.net.http.Http1AsyncReceiver.onReadError(Http1AsyncReceiver.java:516)
	at java.net.http/jdk.internal.net.http.Http1AsyncReceiver$Http1TubeSubscriber.onComplete(Http1AsyncReceiver.java:601)
	at java.net.http/jdk.internal.net.http.SocketTube$InternalReadPublisher$ReadSubscription.signalCompletion(SocketTube.java:648)
	at java.net.http/jdk.internal.net.http.SocketTube$InternalReadPublisher$InternalReadSubscription.read(SocketTube.java:853)
	at java.net.http/jdk.internal.net.http.SocketTube$SocketFlowTask.run(SocketTube.java:181)
	at java.net.http/jdk.internal.net.http.common.SequentialScheduler$SchedulableTask.run(SequentialScheduler.java:207)
	at java.net.http/jdk.internal.net.http.common.SequentialScheduler.runOrSchedule(SequentialScheduler.java:280)
	at java.net.http/jdk.internal.net.http.common.SequentialScheduler.runOrSchedule(SequentialScheduler.java:233)
	at java.net.http/jdk.internal.net.http.SocketTube$InternalReadPublisher$InternalReadSubscription.signalReadable(SocketTube.java:782)
	at java.net.http/jdk.internal.net.http.SocketTube$InternalReadPublisher$ReadEvent.signalEvent(SocketTube.java:965)
	at java.net.http/jdk.internal.net.http.SocketTube$SocketFlowEvent.handle(SocketTube.java:253)
	at java.net.http/jdk.internal.net.http.HttpClientImpl$SelectorManager.handleEvent(HttpClientImpl.java:1476)
	at java.net.http/jdk.internal.net.http.HttpClientImpl$SelectorManager.lambda$run$3(HttpClientImpl.java:1421)
	at java.base/java.util.ArrayList.forEach(ArrayList.java:1597)
	at java.net.http/jdk.internal.net.http.HttpClientImpl$SelectorManager.run(HttpClientImpl.java:1421)

      org.openqa.selenium.remote.UnreachableBrowserException: Error communicating with the remote browser. It may have died.
Build info: version: '4.39.0', revision: '126f156aee'
System info: os.name: 'Windows 11', os.arch: 'amd64', os.version: '10.0', java.version: '22'
Driver info: org.openqa.selenium.chrome.ChromeDriver
Command: [c109bfe579b63abfe03324da10e25af8, screenshot []]
Capabilities {acceptInsecureCerts: false, browserName: chrome, browserVersion: 143.0.7499.110, chrome: {chromedriverVersion: 143.0.7499.42 (24bdc8c48a0c..., userDataDir: C:\Users\geeta\AppData\Loca...}, fedcm:accounts: true, goog:chromeOptions: {debuggerAddress: localhost:52466}, goog:processID: 26064, networkConnectionEnabled: false, pageLoadStrategy: normal, platformName: windows, proxy: Proxy(), se:cdp: ws://localhost:52466/devtoo..., se:cdpVersion: 143.0.7499.110, setWindowRect: true, strictFileInteractability: false, timeouts: {implicit: 0, pageLoad: 300000, script: 30000}, unhandledPromptBehavior: dismiss and notify, webauthn:extension:credBlob: true, webauthn:extension:largeBlob: true, webauthn:extension:minPinLength: true, webauthn:extension:prf: true, webauthn:virtualAuthenticators: true}
Session ID: c109bfe579b63abfe03324da10e25af8
	at org.openqa.selenium.remote.RemoteWebDriver.execute(RemoteWebDriver.java:592)
	at org.openqa.selenium.remote.RemoteWebDriver.execute(RemoteWebDriver.java:638)
	at org.openqa.selenium.remote.RemoteWebDriver.execute(RemoteWebDriver.java:642)
	at org.openqa.selenium.remote.RemoteWebDriver.getScreenshotAs(RemoteWebDriver.java:350)
	at Utilities.Hooks.tearDown(Hooks.java:59)
Caused by: java.util.concurrent.RejectedExecutionException: Task java.util.concurrent.FutureTask@3834eb4e[Not completed, task = java.util.concurrent.Executors$RunnableAdapter@7cf1d5da[Wrapped task = org.openqa.selenium.remote.http.jdk.JdkHttpClient$$Lambda/0x000001f4903c1cb8@123e2d1b]] rejected from java.util.concurrent.ThreadPoolExecutor@742a20b1[Terminated, pool size = 0, active threads = 0, queued tasks = 0, completed tasks = 156]
	at java.base/java.util.concurrent.ThreadPoolExecutor$AbortPolicy.rejectedExecution(ThreadPoolExecutor.java:2081)
	at java.base/java.util.concurrent.ThreadPoolExecutor.reject(ThreadPoolExecutor.java:841)
	at java.base/java.util.concurrent.ThreadPoolExecutor.execute(ThreadPoolExecutor.java:1376)
	at java.base/java.util.concurrent.AbstractExecutorService.submit(AbstractExecutorService.java:123)
	at org.openqa.selenium.remote.http.jdk.JdkHttpClient.executeAsync(JdkHttpClient.java:385)
	at org.openqa.selenium.remote.http.jdk.JdkHttpClient.execute(JdkHttpClient.java:414)
	at org.openqa.selenium.remote.HttpCommandExecutor.execute(HttpCommandExecutor.java:212)
	at org.openqa.selenium.remote.service.DriverCommandExecutor.invokeExecute(DriverCommandExecutor.java:216)
	at org.openqa.selenium.remote.service.DriverCommandExecutor.execute(DriverCommandExecutor.java:174)
	at org.openqa.selenium.remote.RemoteWebDriver.execute(RemoteWebDriver.java:561)
	at org.openqa.selenium.remote.RemoteWebDriver.execute(RemoteWebDriver.java:638)
	at org.openqa.selenium.remote.RemoteWebDriver.execute(RemoteWebDriver.java:642)
	at org.openqa.selenium.remote.RemoteWebDriver.getScreenshotAs(RemoteWebDriver.java:350)
	at Utilities.Hooks.tearDown(Hooks.java:59)
	at java.base/jdk.internal.reflect.DirectMethodHandleAccessor.invoke(DirectMethodHandleAccessor.java:103)
	at java.base/java.lang.reflect.Method.invoke(Method.java:580)
	at io.cucumber.java.Invoker.doInvoke(Invoker.java:66)
	at io.cucumber.java.Invoker.invoke(Invoker.java:24)
	at io.cucumber.java.AbstractGlueDefinition.invokeMethod(AbstractGlueDefinition.java:47)
	at io.cucumber.java.JavaHookDefinition.execute(JavaHookDefinition.java:64)
	at io.cucumber.core.runner.CoreHookDefinition.execute(CoreHookDefinition.java:46)
	at io.cucumber.core.runner.HookDefinitionMatch.runStep(HookDefinitionMatch.java:21)
	at io.cucumber.core.runner.ExecutionMode$1.execute(ExecutionMode.java:10)
	at io.cucumber.core.runner.TestStep.executeStep(TestStep.java:84)
	at io.cucumber.core.runner.TestStep.run(TestStep.java:56)
	at io.cucumber.core.runner.TestCase.run(TestCase.java:90)
	at io.cucumber.core.runner.Runner.runPickle(Runner.java:75)
	at io.cucumber.testng.TestNGCucumberRunner.lambda$runScenario$1(TestNGCucumberRunner.java:132)
	at io.cucumber.core.runtime.CucumberExecutionContext.lambda$runTestCase$5(CucumberExecutionContext.java:137)
	at io.cucumber.core.runtime.RethrowingThrowableCollector.executeAndThrow(RethrowingThrowableCollector.java:23)
	at io.cucumber.core.runtime.CucumberExecutionContext.runTestCase(CucumberExecutionContext.java:137)
	at io.cucumber.testng.TestNGCucumberRunner.runScenario(TestNGCucumberRunner.java:129)
	at io.cucumber.testng.AbstractTestNGCucumberTests.runScenario(AbstractTestNGCucumberTests.java:35)
	at java.base/jdk.internal.reflect.DirectMethodHandleAccessor.invoke(DirectMethodHandleAccessor.java:103)
	at java.base/java.lang.reflect.Method.invoke(Method.java:580)
	at org.testng.internal.invokers.MethodInvocationHelper.invokeMethod(MethodInvocationHelper.java:141)
	at org.testng.internal.invokers.TestInvoker.invokeMethod(TestInvoker.java:687)
	at org.testng.internal.invokers.TestInvoker.invokeTestMethod(TestInvoker.java:230)
	at org.testng.internal.invokers.TestMethodWithDataProviderMethodWorker.call(TestMethodWithDataProviderMethodWorker.java:81)
	at org.testng.internal.thread.Async$AsyncTask.run(Async.java:34)
	at java.base/java.util.concurrent.ThreadPoolExecutor.runWorker(ThreadPoolExecutor.java:1144)
	at java.base/java.util.concurrent.ThreadPoolExecutor$Worker.run(ThreadPoolExecutor.java:642)
	at java.base/java.lang.Thread.run(Thread.java:1570)

]]></system-out>
    <system-err><![CDATA[SLF4J(W): No SLF4J providers were found.
SLF4J(W): Defaulting to no-operation (NOP) logger implementation
SLF4J(W): See https://www.slf4j.org/codes.html#noProviders for further details.
]]></system-err>
  </testcase>
  <testcase name="runScenario[&quot;Valid login with correct credentials&quot;, &quot;Test Login Page&quot;](3)" classname="Runner.Runners" time="10.573">
    <failure message="expected [https://practicetestautomation.com/logged-in-successfully/] but found [https://practicetestautomation.com/practice-test-login/]" type="java.lang.AssertionError"><![CDATA[java.lang.AssertionError: expected [https://practicetestautomation.com/logged-in-successfully/] but found [https://practicetestautomation.com/practice-test-login/]
	at org.testng.Assert.fail(Assert.java:111)
	at org.testng.Assert.failNotEquals(Assert.java:1590)
	at org.testng.Assert.assertEqualsImpl(Assert.java:150)
	at org.testng.Assert.assertEquals(Assert.java:132)
	at org.testng.Assert.assertEquals(Assert.java:656)
	at org.testng.Assert.assertEquals(Assert.java:666)
	at StepDefinitions.StudentLoginPageStepDef.verify_new_page_url_contains(StudentLoginPageStepDef.java:47)
	at ✽.verify new page URL contains "https://practicetestautomation.com/logged-in-successfully/"(file:///D:/Edrive/Study/Geeta_Workspace/com.SeleniumBDDTestNg/src/test/resources/Features/StudentLogin.feature:8)
]]></failure>
    <system-out><![CDATA[      org.openqa.selenium.WebDriverException: Timed out waiting for driver server to stop.
Build info: version: '4.39.0', revision: '126f156aee'
System info: os.name: 'Windows 11', os.arch: 'amd64', os.version: '10.0', java.version: '22'
Driver info: org.openqa.selenium.chrome.ChromeDriver
Command: [c109bfe579b63abfe03324da10e25af8, quit {}]
Capabilities {acceptInsecureCerts: false, browserName: chrome, browserVersion: 143.0.7499.110, chrome: {chromedriverVersion: 143.0.7499.42 (24bdc8c48a0c..., userDataDir: C:\Users\geeta\AppData\Loca...}, fedcm:accounts: true, goog:chromeOptions: {debuggerAddress: localhost:52466}, goog:processID: 26064, networkConnectionEnabled: false, pageLoadStrategy: normal, platformName: windows, proxy: Proxy(), se:cdp: ws://localhost:52466/devtoo..., se:cdpVersion: 143.0.7499.110, setWindowRect: true, strictFileInteractability: false, timeouts: {implicit: 0, pageLoad: 300000, script: 30000}, unhandledPromptBehavior: dismiss and notify, webauthn:extension:credBlob: true, webauthn:extension:largeBlob: true, webauthn:extension:minPinLength: true, webauthn:extension:prf: true, webauthn:virtualAuthenticators: true}
	at org.openqa.selenium.remote.service.DriverCommandExecutor.execute(DriverCommandExecutor.java:164)
	at org.openqa.selenium.remote.RemoteWebDriver.execute(RemoteWebDriver.java:561)
	at org.openqa.selenium.remote.RemoteWebDriver.execute(RemoteWebDriver.java:638)
	at org.openqa.selenium.remote.RemoteWebDriver.execute(RemoteWebDriver.java:642)
	at org.openqa.selenium.remote.RemoteWebDriver.quit(RemoteWebDriver.java:462)
	at org.openqa.selenium.chromium.ChromiumDriver.quit(ChromiumDriver.java:414)
	at Utilities.Hooks.tearDown(Hooks.java:79)
Caused by: java.util.concurrent.ExecutionException: java.util.concurrent.RejectedExecutionException: Task java.util.concurrent.FutureTask@4003a6f1[Not completed, task = java.util.concurrent.Executors$RunnableAdapter@13eacca[Wrapped task = org.openqa.selenium.remote.http.jdk.JdkHttpClient$$Lambda/0x000001f4903c1cb8@5013835]] rejected from java.util.concurrent.ThreadPoolExecutor@742a20b1[Shutting down, pool size = 2, active threads = 2, queued tasks = 0, completed tasks = 154]
	at java.base/java.util.concurrent.CompletableFuture.reportGet(CompletableFuture.java:396)
	at java.base/java.util.concurrent.CompletableFuture.get(CompletableFuture.java:2096)
	at org.openqa.selenium.remote.service.DriverCommandExecutor.execute(DriverCommandExecutor.java:160)
	at org.openqa.selenium.remote.RemoteWebDriver.execute(RemoteWebDriver.java:561)
	at org.openqa.selenium.remote.RemoteWebDriver.execute(RemoteWebDriver.java:638)
	at org.openqa.selenium.remote.RemoteWebDriver.execute(RemoteWebDriver.java:642)
	at org.openqa.selenium.remote.RemoteWebDriver.quit(RemoteWebDriver.java:462)
	at org.openqa.selenium.chromium.ChromiumDriver.quit(ChromiumDriver.java:414)
	at Utilities.Hooks.tearDown(Hooks.java:79)
	at java.base/jdk.internal.reflect.DirectMethodHandleAccessor.invoke(DirectMethodHandleAccessor.java:103)
	at java.base/java.lang.reflect.Method.invoke(Method.java:580)
	at io.cucumber.java.Invoker.doInvoke(Invoker.java:66)
	at io.cucumber.java.Invoker.invoke(Invoker.java:24)
	at io.cucumber.java.AbstractGlueDefinition.invokeMethod(AbstractGlueDefinition.java:47)
	at io.cucumber.java.JavaHookDefinition.execute(JavaHookDefinition.java:64)
	at io.cucumber.core.runner.CoreHookDefinition.execute(CoreHookDefinition.java:46)
	at io.cucumber.core.runner.HookDefinitionMatch.runStep(HookDefinitionMatch.java:21)
	at io.cucumber.core.runner.ExecutionMode$1.execute(ExecutionMode.java:10)
	at io.cucumber.core.runner.TestStep.executeStep(TestStep.java:84)
	at io.cucumber.core.runner.TestStep.run(TestStep.java:56)
	at io.cucumber.core.runner.TestCase.run(TestCase.java:90)
	at io.cucumber.core.runner.Runner.runPickle(Runner.java:75)
	at io.cucumber.testng.TestNGCucumberRunner.lambda$runScenario$1(TestNGCucumberRunner.java:132)
	at io.cucumber.core.runtime.CucumberExecutionContext.lambda$runTestCase$5(CucumberExecutionContext.java:137)
	at io.cucumber.core.runtime.RethrowingThrowableCollector.executeAndThrow(RethrowingThrowableCollector.java:23)
	at io.cucumber.core.runtime.CucumberExecutionContext.runTestCase(CucumberExecutionContext.java:137)
	at io.cucumber.testng.TestNGCucumberRunner.runScenario(TestNGCucumberRunner.java:129)
	at io.cucumber.testng.AbstractTestNGCucumberTests.runScenario(AbstractTestNGCucumberTests.java:35)
	at java.base/jdk.internal.reflect.DirectMethodHandleAccessor.invoke(DirectMethodHandleAccessor.java:103)
	at java.base/java.lang.reflect.Method.invoke(Method.java:580)
	at org.testng.internal.invokers.MethodInvocationHelper.invokeMethod(MethodInvocationHelper.java:141)
	at org.testng.internal.invokers.TestInvoker.invokeMethod(TestInvoker.java:687)
	at org.testng.internal.invokers.TestInvoker.invokeTestMethod(TestInvoker.java:230)
	at org.testng.internal.invokers.TestMethodWithDataProviderMethodWorker.call(TestMethodWithDataProviderMethodWorker.java:81)
	at org.testng.internal.thread.Async$AsyncTask.run(Async.java:34)
	at java.base/java.util.concurrent.ThreadPoolExecutor.runWorker(ThreadPoolExecutor.java:1144)
	at java.base/java.util.concurrent.ThreadPoolExecutor$Worker.run(ThreadPoolExecutor.java:642)
	at java.base/java.lang.Thread.run(Thread.java:1570)
Caused by: java.util.concurrent.RejectedExecutionException: Task java.util.concurrent.FutureTask@4003a6f1[Not completed, task = java.util.concurrent.Executors$RunnableAdapter@13eacca[Wrapped task = org.openqa.selenium.remote.http.jdk.JdkHttpClient$$Lambda/0x000001f4903c1cb8@5013835]] rejected from java.util.concurrent.ThreadPoolExecutor@742a20b1[Shutting down, pool size = 2, active threads = 2, queued tasks = 0, completed tasks = 154]
	at java.base/java.util.concurrent.ThreadPoolExecutor$AbortPolicy.rejectedExecution(ThreadPoolExecutor.java:2081)
	at java.base/java.util.concurrent.ThreadPoolExecutor.reject(ThreadPoolExecutor.java:841)
	at java.base/java.util.concurrent.ThreadPoolExecutor.execute(ThreadPoolExecutor.java:1376)
	at java.base/java.util.concurrent.AbstractExecutorService.submit(AbstractExecutorService.java:123)
	at org.openqa.selenium.remote.http.jdk.JdkHttpClient.executeAsync(JdkHttpClient.java:385)
	at org.openqa.selenium.remote.http.jdk.JdkHttpClient.execute(JdkHttpClient.java:414)
	at org.openqa.selenium.remote.HttpCommandExecutor.execute(HttpCommandExecutor.java:212)
	at org.openqa.selenium.remote.service.DriverCommandExecutor.invokeExecute(DriverCommandExecutor.java:216)
	at org.openqa.selenium.remote.service.DriverCommandExecutor.lambda$execute$1(DriverCommandExecutor.java:126)
	at java.base/java.util.concurrent.CompletableFuture$AsyncSupply.run(CompletableFuture.java:1768)
	... 3 more

]]></system-out>
  </testcase>
  <testcase name="runScenario[&quot;Invalid login – blank credentials&quot;, &quot;Test Login Page&quot;](2)" classname="Runner.Runners" time="10.574">
    <failure message="Error communicating with the remote browser. It may have died.&#10;Build info: version: &apos;4.39.0&apos;, revision: &apos;126f156aee&apos;&#10;System info: os.name: &apos;Windows 11&apos;, os.arch: &apos;amd64&apos;, os.version: &apos;10.0&apos;, java.version: &apos;22&apos;&#10;Driver info: org.openqa.selenium.chrome.ChromeDriver&#10;Command: [c109bfe579b63abfe03324da10e25af8, getElementText [id]]&#10;Capabilities {acceptInsecureCerts: false, browserName: chrome, browserVersion: 143.0.7499.110, chrome: {chromedriverVersion: 143.0.7499.42 (24bdc8c48a0c..., userDataDir: C:\Users\geeta\AppData\Loca...}, fedcm:accounts: true, goog:chromeOptions: {debuggerAddress: localhost:52466}, goog:processID: 26064, networkConnectionEnabled: false, pageLoadStrategy: normal, platformName: windows, proxy: Proxy(), se:cdp: ws://localhost:52466/devtoo..., se:cdpVersion: 143.0.7499.110, setWindowRect: true, strictFileInteractability: false, timeouts: {implicit: 0, pageLoad: 300000, script: 30000}, unhandledPromptBehavior: dismiss and notify, webauthn:extension:credBlob: true, webauthn:extension:largeBlob: true, webauthn:extension:minPinLength: true, webauthn:extension:prf: true, webauthn:virtualAuthenticators: true}&#10;Element: [[ChromeDriver: chrome on windows (c109bfe579b63abfe03324da10e25af8)] -&gt; id: error]&#10;Session ID: c109bfe579b63abfe03324da10e25af8" type="org.openqa.selenium.remote.UnreachableBrowserException"><![CDATA[org.openqa.selenium.remote.UnreachableBrowserException: 
Error communicating with the remote browser. It may have died.
Build info: version: '4.39.0', revision: '126f156aee'
System info: os.name: 'Windows 11', os.arch: 'amd64', os.version: '10.0', java.version: '22'
Driver info: org.openqa.selenium.chrome.ChromeDriver
Command: [c109bfe579b63abfe03324da10e25af8, getElementText [id]]
Capabilities {acceptInsecureCerts: false, browserName: chrome, browserVersion: 143.0.7499.110, chrome: {chromedriverVersion: 143.0.7499.42 (24bdc8c48a0c..., userDataDir: C:\Users\geeta\AppData\Loca...}, fedcm:accounts: true, goog:chromeOptions: {debuggerAddress: localhost:52466}, goog:processID: 26064, networkConnectionEnabled: false, pageLoadStrategy: normal, platformName: windows, proxy: Proxy(), se:cdp: ws://localhost:52466/devtoo..., se:cdpVersion: 143.0.7499.110, setWindowRect: true, strictFileInteractability: false, timeouts: {implicit: 0, pageLoad: 300000, script: 30000}, unhandledPromptBehavior: dismiss and notify, webauthn:extension:credBlob: true, webauthn:extension:largeBlob: true, webauthn:extension:minPinLength: true, webauthn:extension:prf: true, webauthn:virtualAuthenticators: true}
Element: [[ChromeDriver: chrome on windows (c109bfe579b63abfe03324da10e25af8)] -> id: error]
Session ID: c109bfe579b63abfe03324da10e25af8
	at org.openqa.selenium.remote.RemoteWebDriver.execute(RemoteWebDriver.java:592)
	at org.openqa.selenium.remote.RemoteWebElement.execute(RemoteWebElement.java:223)
	at org.openqa.selenium.remote.RemoteWebElement.getText(RemoteWebElement.java:191)
	at Pages.StudentLoginPage.getErrorMessage(StudentLoginPage.java:55)
	at StepDefinitions.StudentLoginPageStepDef.an_error_message_should_be_displayed(StudentLoginPageStepDef.java:70)
	at ✽.an error message "Your username is invalid!" should be displayed(file:///D:/Edrive/Study/Geeta_Workspace/com.SeleniumBDDTestNg/src/test/resources/Features/StudentLogin.feature:16)
Caused by: java.io.UncheckedIOException: java.io.IOException: Task jdk.internal.net.http.common.SequentialScheduler$SchedulableTask@5bfb557d rejected from java.util.concurrent.ThreadPoolExecutor@742a20b1[Shutting down, pool size = 2, active threads = 2, queued tasks = 0, completed tasks = 154]
	at org.openqa.selenium.remote.http.jdk.JdkHttpClient.execute0(JdkHttpClient.java:503)
	at org.openqa.selenium.remote.http.AddSeleniumUserAgent.lambda$apply$0(AddSeleniumUserAgent.java:44)
	at org.openqa.selenium.remote.http.Filter.lambda$andFinally$1(Filter.java:55)
	at org.openqa.selenium.remote.http.jdk.JdkHttpClient.lambda$executeAsync$2(JdkHttpClient.java:388)
	at java.base/java.util.concurrent.Executors$RunnableAdapter.call(Executors.java:572)
	at java.base/java.util.concurrent.FutureTask.run(FutureTask.java:317)
	at java.base/java.util.concurrent.ThreadPoolExecutor.runWorker(ThreadPoolExecutor.java:1144)
	at java.base/java.util.concurrent.ThreadPoolExecutor$Worker.run(ThreadPoolExecutor.java:642)
	at java.base/java.lang.Thread.run(Thread.java:1570)
Caused by: java.io.IOException: Task jdk.internal.net.http.common.SequentialScheduler$SchedulableTask@5bfb557d rejected from java.util.concurrent.ThreadPoolExecutor@742a20b1[Shutting down, pool size = 2, active threads = 2, queued tasks = 0, completed tasks = 154]
	at java.net.http/jdk.internal.net.http.HttpClientImpl.send(HttpClientImpl.java:971)
	at java.net.http/jdk.internal.net.http.HttpClientFacade.send(HttpClientFacade.java:133)
	at org.openqa.selenium.remote.http.jdk.JdkHttpClient.execute0(JdkHttpClient.java:462)
	... 8 more
Caused by: java.util.concurrent.RejectedExecutionException: Task jdk.internal.net.http.common.SequentialScheduler$SchedulableTask@5bfb557d rejected from java.util.concurrent.ThreadPoolExecutor@742a20b1[Shutting down, pool size = 2, active threads = 2, queued tasks = 0, completed tasks = 154]
	at java.base/java.util.concurrent.ThreadPoolExecutor$AbortPolicy.rejectedExecution(ThreadPoolExecutor.java:2081)
	at java.base/java.util.concurrent.ThreadPoolExecutor.reject(ThreadPoolExecutor.java:841)
	at java.base/java.util.concurrent.ThreadPoolExecutor.execute(ThreadPoolExecutor.java:1376)
	at java.net.http/jdk.internal.net.http.HttpClientImpl$DelegatingExecutor.ensureExecutedAsync(HttpClientImpl.java:184)
	at java.net.http/jdk.internal.net.http.HttpClientImpl$DelegatingExecutor.execute(HttpClientImpl.java:176)
	at java.net.http/jdk.internal.net.http.common.SequentialScheduler.runOrSchedule(SequentialScheduler.java:282)
	at java.net.http/jdk.internal.net.http.common.SequentialScheduler.runOrSchedule(SequentialScheduler.java:251)
	at java.net.http/jdk.internal.net.http.Http1AsyncReceiver.onReadError(Http1AsyncReceiver.java:516)
	at java.net.http/jdk.internal.net.http.Http1AsyncReceiver$Http1TubeSubscriber.onComplete(Http1AsyncReceiver.java:601)
	at java.net.http/jdk.internal.net.http.SocketTube$InternalReadPublisher$ReadSubscription.signalCompletion(SocketTube.java:648)
	at java.net.http/jdk.internal.net.http.SocketTube$InternalReadPublisher$InternalReadSubscription.read(SocketTube.java:853)
	at java.net.http/jdk.internal.net.http.SocketTube$SocketFlowTask.run(SocketTube.java:181)
	at java.net.http/jdk.internal.net.http.common.SequentialScheduler$SchedulableTask.run(SequentialScheduler.java:207)
	at java.net.http/jdk.internal.net.http.common.SequentialScheduler.runOrSchedule(SequentialScheduler.java:280)
	at java.net.http/jdk.internal.net.http.common.SequentialScheduler.runOrSchedule(SequentialScheduler.java:233)
	at java.net.http/jdk.internal.net.http.SocketTube$InternalReadPublisher$InternalReadSubscription.signalReadable(SocketTube.java:782)
	at java.net.http/jdk.internal.net.http.SocketTube$InternalReadPublisher$ReadEvent.signalEvent(SocketTube.java:965)
	at java.net.http/jdk.internal.net.http.SocketTube$SocketFlowEvent.handle(SocketTube.java:253)
	at java.net.http/jdk.internal.net.http.HttpClientImpl$SelectorManager.handleEvent(HttpClientImpl.java:1476)
	at java.net.http/jdk.internal.net.http.HttpClientImpl$SelectorManager.lambda$run$3(HttpClientImpl.java:1421)
	at java.base/java.util.ArrayList.forEach(ArrayList.java:1597)
	at java.net.http/jdk.internal.net.http.HttpClientImpl$SelectorManager.run(HttpClientImpl.java:1421)
]]></failure>
  </testcase>
  <testcase name="runScenario[&quot;Invalid login – wrong password&quot;, &quot;Test Login Page&quot;](4)" classname="Runner.Runners" time="10.608">
    <failure message="Session ID is null. Using WebDriver after calling quit()?&#10;Build info: version: &apos;4.39.0&apos;, revision: &apos;126f156aee&apos;&#10;System info: os.name: &apos;Windows 11&apos;, os.arch: &apos;amd64&apos;, os.version: &apos;10.0&apos;, java.version: &apos;22&apos;&#10;Driver info: org.openqa.selenium.chrome.ChromeDriver&#10;Command: [null, findElement {using=id, value=password}]&#10;Capabilities {acceptInsecureCerts: false, browserName: chrome, browserVersion: 143.0.7499.110, chrome: {chromedriverVersion: 143.0.7499.42 (24bdc8c48a0c..., userDataDir: C:\Users\geeta\AppData\Loca...}, fedcm:accounts: true, goog:chromeOptions: {debuggerAddress: localhost:52466}, goog:processID: 26064, networkConnectionEnabled: false, pageLoadStrategy: normal, platformName: windows, proxy: Proxy(), se:cdp: ws://localhost:52466/devtoo..., se:cdpVersion: 143.0.7499.110, setWindowRect: true, strictFileInteractability: false, timeouts: {implicit: 0, pageLoad: 300000, script: 30000}, unhandledPromptBehavior: dismiss and notify, webauthn:extension:credBlob: true, webauthn:extension:largeBlob: true, webauthn:extension:minPinLength: true, webauthn:extension:prf: true, webauthn:virtualAuthenticators: true}" type="org.openqa.selenium.NoSuchSessionException"><![CDATA[org.openqa.selenium.NoSuchSessionException: 
Session ID is null. Using WebDriver after calling quit()?
Build info: version: '4.39.0', revision: '126f156aee'
System info: os.name: 'Windows 11', os.arch: 'amd64', os.version: '10.0', java.version: '22'
Driver info: org.openqa.selenium.chrome.ChromeDriver
Command: [null, findElement {using=id, value=password}]
Capabilities {acceptInsecureCerts: false, browserName: chrome, browserVersion: 143.0.7499.110, chrome: {chromedriverVersion: 143.0.7499.42 (24bdc8c48a0c..., userDataDir: C:\Users\geeta\AppData\Loca...}, fedcm:accounts: true, goog:chromeOptions: {debuggerAddress: localhost:52466}, goog:processID: 26064, networkConnectionEnabled: false, pageLoadStrategy: normal, platformName: windows, proxy: Proxy(), se:cdp: ws://localhost:52466/devtoo..., se:cdpVersion: 143.0.7499.110, setWindowRect: true, strictFileInteractability: false, timeouts: {implicit: 0, pageLoad: 300000, script: 30000}, unhandledPromptBehavior: dismiss and notify, webauthn:extension:credBlob: true, webauthn:extension:largeBlob: true, webauthn:extension:minPinLength: true, webauthn:extension:prf: true, webauthn:virtualAuthenticators: true}
	at org.openqa.selenium.remote.HttpCommandExecutor.execute(HttpCommandExecutor.java:176)
	at org.openqa.selenium.remote.service.DriverCommandExecutor.invokeExecute(DriverCommandExecutor.java:216)
	at org.openqa.selenium.remote.service.DriverCommandExecutor.execute(DriverCommandExecutor.java:174)
	at org.openqa.selenium.remote.RemoteWebDriver.execute(RemoteWebDriver.java:561)
	at org.openqa.selenium.remote.ElementLocation$ElementFinder$2.findElement(ElementLocation.java:166)
	at org.openqa.selenium.remote.ElementLocation.findElement(ElementLocation.java:60)
	at org.openqa.selenium.remote.RemoteWebDriver.findElement(RemoteWebDriver.java:384)
	at org.openqa.selenium.remote.RemoteWebDriver.findElement(RemoteWebDriver.java:378)
	at org.openqa.selenium.support.pagefactory.DefaultElementLocator.findElement(DefaultElementLocator.java:68)
	at org.openqa.selenium.support.pagefactory.internal.LocatingElementHandler.invoke(LocatingElementHandler.java:38)
	at jdk.proxy2/jdk.proxy2.$Proxy25.sendKeys(Unknown Source)
	at Pages.StudentLoginPage.enterPassword(StudentLoginPage.java:30)
	at StepDefinitions.StudentLoginPageStepDef.the_user_enters_username_and_password(StudentLoginPageStepDef.java:29)
	at ✽.the user enters username "VALID_USER" and password "wrongPass"(file:///D:/Edrive/Study/Geeta_Workspace/com.SeleniumBDDTestNg/src/test/resources/Features/StudentLogin.feature:14)
]]></failure>
    <system-out><![CDATA[  Given user is on the login page                                       # StepDefinitions.StudentLoginPageStepDef.user_is_on_the_login_page()
  When the user enters username "VALID_USER" and password "wrongPass"   # StepDefinitions.StudentLoginPageStepDef.the_user_enters_username_and_password(java.lang.String,java.lang.String)
      org.openqa.selenium.NoSuchSessionException: Session ID is null. Using WebDriver after calling quit()?
Build info: version: '4.39.0', revision: '126f156aee'
System info: os.name: 'Windows 11', os.arch: 'amd64', os.version: '10.0', java.version: '22'
Driver info: org.openqa.selenium.chrome.ChromeDriver
Command: [null, findElement {using=id, value=password}]
Capabilities {acceptInsecureCerts: false, browserName: chrome, browserVersion: 143.0.7499.110, chrome: {chromedriverVersion: 143.0.7499.42 (24bdc8c48a0c..., userDataDir: C:\Users\geeta\AppData\Loca...}, fedcm:accounts: true, goog:chromeOptions: {debuggerAddress: localhost:52466}, goog:processID: 26064, networkConnectionEnabled: false, pageLoadStrategy: normal, platformName: windows, proxy: Proxy(), se:cdp: ws://localhost:52466/devtoo..., se:cdpVersion: 143.0.7499.110, setWindowRect: true, strictFileInteractability: false, timeouts: {implicit: 0, pageLoad: 300000, script: 30000}, unhandledPromptBehavior: dismiss and notify, webauthn:extension:credBlob: true, webauthn:extension:largeBlob: true, webauthn:extension:minPinLength: true, webauthn:extension:prf: true, webauthn:virtualAuthenticators: true}
	at org.openqa.selenium.remote.HttpCommandExecutor.execute(HttpCommandExecutor.java:176)
	at org.openqa.selenium.remote.service.DriverCommandExecutor.invokeExecute(DriverCommandExecutor.java:216)
	at org.openqa.selenium.remote.service.DriverCommandExecutor.execute(DriverCommandExecutor.java:174)
	at org.openqa.selenium.remote.RemoteWebDriver.execute(RemoteWebDriver.java:561)
	at org.openqa.selenium.remote.ElementLocation$ElementFinder$2.findElement(ElementLocation.java:166)
	at org.openqa.selenium.remote.ElementLocation.findElement(ElementLocation.java:60)
	at org.openqa.selenium.remote.RemoteWebDriver.findElement(RemoteWebDriver.java:384)
	at org.openqa.selenium.remote.RemoteWebDriver.findElement(RemoteWebDriver.java:378)
	at org.openqa.selenium.support.pagefactory.DefaultElementLocator.findElement(DefaultElementLocator.java:68)
	at org.openqa.selenium.support.pagefactory.internal.LocatingElementHandler.invoke(LocatingElementHandler.java:38)
	at jdk.proxy2/jdk.proxy2.$Proxy25.sendKeys(Unknown Source)
	at Pages.StudentLoginPage.enterPassword(StudentLoginPage.java:30)
	at StepDefinitions.StudentLoginPageStepDef.the_user_enters_username_and_password(StudentLoginPageStepDef.java:29)
	at ✽.the user enters username "VALID_USER" and password "wrongPass"(file:///D:/Edrive/Study/Geeta_Workspace/com.SeleniumBDDTestNg/src/test/resources/Features/StudentLogin.feature:14)

  And clicks on login button                                            # StepDefinitions.StudentLoginPageStepDef.clicks_on_login_button()
  Then an error message "Your password is invalid!" should be displayed # StepDefinitions.StudentLoginPageStepDef.an_error_message_should_be_displayed(java.lang.String)
      org.openqa.selenium.NoSuchSessionException: Session ID is null. Using WebDriver after calling quit()?
Build info: version: '4.39.0', revision: '126f156aee'
System info: os.name: 'Windows 11', os.arch: 'amd64', os.version: '10.0', java.version: '22'
Driver info: org.openqa.selenium.chrome.ChromeDriver
Command: [null, screenshot {}]
Capabilities {acceptInsecureCerts: false, browserName: chrome, browserVersion: 143.0.7499.110, chrome: {chromedriverVersion: 143.0.7499.42 (24bdc8c48a0c..., userDataDir: C:\Users\geeta\AppData\Loca...}, fedcm:accounts: true, goog:chromeOptions: {debuggerAddress: localhost:52466}, goog:processID: 26064, networkConnectionEnabled: false, pageLoadStrategy: normal, platformName: windows, proxy: Proxy(), se:cdp: ws://localhost:52466/devtoo..., se:cdpVersion: 143.0.7499.110, setWindowRect: true, strictFileInteractability: false, timeouts: {implicit: 0, pageLoad: 300000, script: 30000}, unhandledPromptBehavior: dismiss and notify, webauthn:extension:credBlob: true, webauthn:extension:largeBlob: true, webauthn:extension:minPinLength: true, webauthn:extension:prf: true, webauthn:virtualAuthenticators: true}
	at org.openqa.selenium.remote.HttpCommandExecutor.execute(HttpCommandExecutor.java:176)
	at org.openqa.selenium.remote.service.DriverCommandExecutor.invokeExecute(DriverCommandExecutor.java:216)
	at org.openqa.selenium.remote.service.DriverCommandExecutor.execute(DriverCommandExecutor.java:174)
	at org.openqa.selenium.remote.RemoteWebDriver.execute(RemoteWebDriver.java:561)
	at org.openqa.selenium.remote.RemoteWebDriver.execute(RemoteWebDriver.java:638)
	at org.openqa.selenium.remote.RemoteWebDriver.execute(RemoteWebDriver.java:642)
	at org.openqa.selenium.remote.RemoteWebDriver.getScreenshotAs(RemoteWebDriver.java:350)
	at Utilities.Hooks.tearDown(Hooks.java:59)

]]></system-out>
  </testcase>
</testsuite>