[{"line":1,"elements":[{"start_timestamp":"2025-12-14T08:30:46.363Z","before":[{"result":{"duration":4661771100,"status":"passed"},"match":{"location":"Utilities.Hooks.setUp()"}}],"line":4,"name":"Valid login with correct credentials","description":"","id":"test-login-page;valid-login-with-correct-credentials","after":[{"result":{"error_message":"org.openqa.selenium.NoSuchWindowException: no such window: target window already closed\nfrom unknown error: web view not found\n  (Session info: chrome=143.0.7499.110)\nBuild info: version: '4.39.0', revision: '126f156aee'\nSystem info: os.name: 'Windows 11', os.arch: 'amd64', os.version: '10.0', java.version: '22'\nDriver info: org.openqa.selenium.chrome.ChromeDriver\nCommand: [21bf0ddb984c7de40d7d3dd12286fb40, screenshot {}]\nCapabilities {acceptInsecureCerts: false, browserName: chrome, browserVersion: 143.0.7499.110, chrome: {chromedriverVersion: 143.0.7499.42 (24bdc8c48a0c..., userDataDir: C:\\Users\\geeta\\AppData\\Loca...}, fedcm:accounts: true, goog:chromeOptions: {debuggerAddress: localhost:54062}, goog:processID: 18576, networkConnectionEnabled: false, pageLoadStrategy: normal, platformName: windows, proxy: Proxy(), se:cdp: ws://localhost:54062/devtoo..., se:cdpVersion: 143.0.7499.110, setWindowRect: true, strictFileInteractability: false, timeouts: {implicit: 0, pageLoad: 300000, script: 30000}, unhandledPromptBehavior: dismiss and notify, webauthn:extension:credBlob: true, webauthn:extension:largeBlob: true, webauthn:extension:minPinLength: true, webauthn:extension:prf: true, webauthn:virtualAuthenticators: true}\nSession ID: 21bf0ddb984c7de40d7d3dd12286fb40\r\n\tat java.base/jdk.internal.reflect.DirectConstructorHandleAccessor.newInstance(DirectConstructorHandleAccessor.java:62)\r\n\tat java.base/java.lang.reflect.Constructor.newInstanceWithCaller(Constructor.java:502)\r\n\tat java.base/java.lang.reflect.Constructor.newInstance(Constructor.java:486)\r\n\tat org.openqa.selenium.remote.ErrorCodec.decode(ErrorCodec.java:167)\r\n\tat org.openqa.selenium.remote.codec.w3c.W3CHttpResponseCodec.decode(W3CHttpResponseCodec.java:142)\r\n\tat org.openqa.selenium.remote.codec.w3c.W3CHttpResponseCodec.decode(W3CHttpResponseCodec.java:49)\r\n\tat org.openqa.selenium.remote.HttpCommandExecutor.execute(HttpCommandExecutor.java:215)\r\n\tat org.openqa.selenium.remote.service.DriverCommandExecutor.invokeExecute(DriverCommandExecutor.java:216)\r\n\tat org.openqa.selenium.remote.service.DriverCommandExecutor.execute(DriverCommandExecutor.java:174)\r\n\tat org.openqa.selenium.remote.RemoteWebDriver.execute(RemoteWebDriver.java:561)\r\n\tat org.openqa.selenium.remote.RemoteWebDriver.execute(RemoteWebDriver.java:638)\r\n\tat org.openqa.selenium.remote.RemoteWebDriver.execute(RemoteWebDriver.java:642)\r\n\tat org.openqa.selenium.remote.RemoteWebDriver.getScreenshotAs(RemoteWebDriver.java:350)\r\n\tat Utilities.Hooks.tearDown(Hooks.java:59)\r\n","duration":46818800,"status":"failed"},"match":{"location":"Utilities.Hooks.tearDown(io.cucumber.java.Scenario)"}}],"type":"scenario","keyword":"Scenario","steps":[{"result":{"duration":1342804600,"status":"passed"},"line":5,"name":"user is on the login page","match":{"location":"StepDefinitions.StudentLoginPageStepDef.user_is_on_the_login_page()"},"keyword":"Given "},{"result":{"error_message":"org.openqa.selenium.NoSuchWindowException: no such window: target window already closed\nfrom unknown error: web view not found\n  (Session info: chrome=143.0.7499.110)\nBuild info: version: '4.39.0', revision: '126f156aee'\nSystem info: os.name: 'Windows 11', os.arch: 'amd64', os.version: '10.0', java.version: '22'\nDriver info: org.openqa.selenium.chrome.ChromeDriver\nCommand: [21bf0ddb984c7de40d7d3dd12286fb40, findElement {value=password, using=id}]\nCapabilities {acceptInsecureCerts: false, browserName: chrome, browserVersion: 143.0.7499.110, chrome: {chromedriverVersion: 143.0.7499.42 (24bdc8c48a0c..., userDataDir: C:\\Users\\geeta\\AppData\\Loca...}, fedcm:accounts: true, goog:chromeOptions: {debuggerAddress: localhost:54062}, goog:processID: 18576, networkConnectionEnabled: false, pageLoadStrategy: normal, platformName: windows, proxy: Proxy(), se:cdp: ws://localhost:54062/devtoo..., se:cdpVersion: 143.0.7499.110, setWindowRect: true, strictFileInteractability: false, timeouts: {implicit: 0, pageLoad: 300000, script: 30000}, unhandledPromptBehavior: dismiss and notify, webauthn:extension:credBlob: true, webauthn:extension:largeBlob: true, webauthn:extension:minPinLength: true, webauthn:extension:prf: true, webauthn:virtualAuthenticators: true}\nSession ID: 21bf0ddb984c7de40d7d3dd12286fb40\r\n\tat java.base/jdk.internal.reflect.DirectConstructorHandleAccessor.newInstance(DirectConstructorHandleAccessor.java:62)\r\n\tat java.base/java.lang.reflect.Constructor.newInstanceWithCaller(Constructor.java:502)\r\n\tat java.base/java.lang.reflect.Constructor.newInstance(Constructor.java:486)\r\n\tat org.openqa.selenium.remote.ErrorCodec.decode(ErrorCodec.java:167)\r\n\tat org.openqa.selenium.remote.codec.w3c.W3CHttpResponseCodec.decode(W3CHttpResponseCodec.java:142)\r\n\tat org.openqa.selenium.remote.codec.w3c.W3CHttpResponseCodec.decode(W3CHttpResponseCodec.java:49)\r\n\tat org.openqa.selenium.remote.HttpCommandExecutor.execute(HttpCommandExecutor.java:215)\r\n\tat org.openqa.selenium.remote.service.DriverCommandExecutor.invokeExecute(DriverCommandExecutor.java:216)\r\n\tat org.openqa.selenium.remote.service.DriverCommandExecutor.execute(DriverCommandExecutor.java:174)\r\n\tat org.openqa.selenium.remote.RemoteWebDriver.execute(RemoteWebDriver.java:561)\r\n\tat org.openqa.selenium.remote.ElementLocation$ElementFinder$2.findElement(ElementLocation.java:166)\r\n\tat org.openqa.selenium.remote.ElementLocation.findElement(ElementLocation.java:67)\r\n\tat org.openqa.selenium.remote.RemoteWebDriver.findElement(RemoteWebDriver.java:384)\r\n\tat org.openqa.selenium.remote.RemoteWebDriver.findElement(RemoteWebDriver.java:378)\r\n\tat org.openqa.selenium.support.pagefactory.DefaultElementLocator.findElement(DefaultElementLocator.java:68)\r\n\tat org.openqa.selenium.support.pagefactory.internal.LocatingElementHandler.invoke(LocatingElementHandler.java:38)\r\n\tat jdk.proxy2/jdk.proxy2.$Proxy29.sendKeys(Unknown Source)\r\n\tat Pages.StudentLoginPage.enterPassword(StudentLoginPage.java:30)\r\n\tat StepDefinitions.StudentLoginPageStepDef.the_user_enters_username_and_password(StudentLoginPageStepDef.java:29)\r\n\tat ✽.the user enters username \"VALID_USER\" and password \"VALID_PASS\"(file:///D:/Edrive/Study/Geeta_Workspace/com.SeleniumBDDTestNg/src/test/resources/Features/StudentLogin.feature:6)\r\n","duration":42360400,"status":"failed"},"line":6,"name":"the user enters username \"VALID_USER\" and password \"VALID_PASS\"","match":{"arguments":[{"val":"\"VALID_USER\"","offset":25},{"val":"\"VALID_PASS\"","offset":51}],"location":"StepDefinitions.StudentLoginPageStepDef.the_user_enters_username_and_password(java.lang.String,java.lang.String)"},"keyword":"When "},{"result":{"duration":996200,"status":"skipped"},"line":7,"name":"clicks on login button","match":{"location":"StepDefinitions.StudentLoginPageStepDef.clicks_on_login_button()"},"keyword":"And "},{"result":{"status":"skipped"},"line":8,"name":"verify new page URL contains \"https://practicetestautomation.com/logged-in-successfully/\"","match":{"arguments":[{"val":"\"https://practicetestautomation.com/logged-in-successfully/\"","offset":29}],"location":"StepDefinitions.StudentLoginPageStepDef.verify_new_page_url_contains(java.lang.String)"},"keyword":"Then "},{"result":{"duration":10134000,"status":"skipped"},"line":9,"name":"verify new page contains expected text \"Congratulations student. You successfully logged in!\"","match":{"arguments":[{"val":"\"Congratulations student. You successfully logged in!\"","offset":39}],"location":"StepDefinitions.StudentLoginPageStepDef.verify_new_page_contains_expected_text(java.lang.String)"},"keyword":"And "},{"result":{"duration":6105100,"status":"skipped"},"line":10,"name":"Verify button Log out is displayed on the new page","match":{"location":"StepDefinitions.StudentLoginPageStepDef.verify_button_log_out_is_displayed_on_the_new_page()"},"keyword":"And "}]},{"start_timestamp":"2025-12-14T08:30:46.363Z","before":[{"result":{"duration":4684816500,"status":"passed"},"match":{"location":"Utilities.Hooks.setUp()"}}],"line":20,"name":"Invalid login – invalid user/pass","description":"","id":"test-login-page;invalid-login-–-<case>;;2","after":[{"result":{"error_message":"org.openqa.selenium.NoSuchWindowException: no such window: target window already closed\nfrom unknown error: web view not found\n  (Session info: chrome=143.0.7499.110)\nBuild info: version: '4.39.0', revision: '126f156aee'\nSystem info: os.name: 'Windows 11', os.arch: 'amd64', os.version: '10.0', java.version: '22'\nDriver info: org.openqa.selenium.chrome.ChromeDriver\nCommand: [21bf0ddb984c7de40d7d3dd12286fb40, screenshot {}]\nCapabilities {acceptInsecureCerts: false, browserName: chrome, browserVersion: 143.0.7499.110, chrome: {chromedriverVersion: 143.0.7499.42 (24bdc8c48a0c..., userDataDir: C:\\Users\\geeta\\AppData\\Loca...}, fedcm:accounts: true, goog:chromeOptions: {debuggerAddress: localhost:54062}, goog:processID: 18576, networkConnectionEnabled: false, pageLoadStrategy: normal, platformName: windows, proxy: Proxy(), se:cdp: ws://localhost:54062/devtoo..., se:cdpVersion: 143.0.7499.110, setWindowRect: true, strictFileInteractability: false, timeouts: {implicit: 0, pageLoad: 300000, script: 30000}, unhandledPromptBehavior: dismiss and notify, webauthn:extension:credBlob: true, webauthn:extension:largeBlob: true, webauthn:extension:minPinLength: true, webauthn:extension:prf: true, webauthn:virtualAuthenticators: true}\nSession ID: 21bf0ddb984c7de40d7d3dd12286fb40\r\n\tat java.base/jdk.internal.reflect.DirectConstructorHandleAccessor.newInstance(DirectConstructorHandleAccessor.java:62)\r\n\tat java.base/java.lang.reflect.Constructor.newInstanceWithCaller(Constructor.java:502)\r\n\tat java.base/java.lang.reflect.Constructor.newInstance(Constructor.java:486)\r\n\tat org.openqa.selenium.remote.ErrorCodec.decode(ErrorCodec.java:167)\r\n\tat org.openqa.selenium.remote.codec.w3c.W3CHttpResponseCodec.decode(W3CHttpResponseCodec.java:142)\r\n\tat org.openqa.selenium.remote.codec.w3c.W3CHttpResponseCodec.decode(W3CHttpResponseCodec.java:49)\r\n\tat org.openqa.selenium.remote.HttpCommandExecutor.execute(HttpCommandExecutor.java:215)\r\n\tat org.openqa.selenium.remote.service.DriverCommandExecutor.invokeExecute(DriverCommandExecutor.java:216)\r\n\tat org.openqa.selenium.remote.service.DriverCommandExecutor.execute(DriverCommandExecutor.java:174)\r\n\tat org.openqa.selenium.remote.RemoteWebDriver.execute(RemoteWebDriver.java:561)\r\n\tat org.openqa.selenium.remote.RemoteWebDriver.execute(RemoteWebDriver.java:638)\r\n\tat org.openqa.selenium.remote.RemoteWebDriver.execute(RemoteWebDriver.java:642)\r\n\tat org.openqa.selenium.remote.RemoteWebDriver.getScreenshotAs(RemoteWebDriver.java:350)\r\n\tat Utilities.Hooks.tearDown(Hooks.java:59)\r\n","duration":29364100,"status":"failed"},"match":{"location":"Utilities.Hooks.tearDown(io.cucumber.java.Scenario)"}}],"type":"scenario","keyword":"Scenario Outline","steps":[{"result":{"error_message":"org.openqa.selenium.NoSuchWindowException: no such window: target window already closed\nfrom unknown error: web view not found\n  (Session info: chrome=143.0.7499.110)\nBuild info: version: '4.39.0', revision: '126f156aee'\nSystem info: os.name: 'Windows 11', os.arch: 'amd64', os.version: '10.0', java.version: '22'\nDriver info: org.openqa.selenium.chrome.ChromeDriver\nCommand: [21bf0ddb984c7de40d7d3dd12286fb40, get {url=https://practicetestautomation.com/practice-test-login/}]\nCapabilities {acceptInsecureCerts: false, browserName: chrome, browserVersion: 143.0.7499.110, chrome: {chromedriverVersion: 143.0.7499.42 (24bdc8c48a0c..., userDataDir: C:\\Users\\geeta\\AppData\\Loca...}, fedcm:accounts: true, goog:chromeOptions: {debuggerAddress: localhost:54062}, goog:processID: 18576, networkConnectionEnabled: false, pageLoadStrategy: normal, platformName: windows, proxy: Proxy(), se:cdp: ws://localhost:54062/devtoo..., se:cdpVersion: 143.0.7499.110, setWindowRect: true, strictFileInteractability: false, timeouts: {implicit: 0, pageLoad: 300000, script: 30000}, unhandledPromptBehavior: dismiss and notify, webauthn:extension:credBlob: true, webauthn:extension:largeBlob: true, webauthn:extension:minPinLength: true, webauthn:extension:prf: true, webauthn:virtualAuthenticators: true}\nSession ID: 21bf0ddb984c7de40d7d3dd12286fb40\r\n\tat java.base/jdk.internal.reflect.DirectConstructorHandleAccessor.newInstance(DirectConstructorHandleAccessor.java:62)\r\n\tat java.base/java.lang.reflect.Constructor.newInstanceWithCaller(Constructor.java:502)\r\n\tat java.base/java.lang.reflect.Constructor.newInstance(Constructor.java:486)\r\n\tat org.openqa.selenium.remote.ErrorCodec.decode(ErrorCodec.java:167)\r\n\tat org.openqa.selenium.remote.codec.w3c.W3CHttpResponseCodec.decode(W3CHttpResponseCodec.java:142)\r\n\tat org.openqa.selenium.remote.codec.w3c.W3CHttpResponseCodec.decode(W3CHttpResponseCodec.java:49)\r\n\tat org.openqa.selenium.remote.HttpCommandExecutor.execute(HttpCommandExecutor.java:215)\r\n\tat org.openqa.selenium.remote.service.DriverCommandExecutor.invokeExecute(DriverCommandExecutor.java:216)\r\n\tat org.openqa.selenium.remote.service.DriverCommandExecutor.execute(DriverCommandExecutor.java:174)\r\n\tat org.openqa.selenium.remote.RemoteWebDriver.execute(RemoteWebDriver.java:561)\r\n\tat org.openqa.selenium.remote.RemoteWebDriver.get(RemoteWebDriver.java:329)\r\n\tat StepDefinitions.StudentLoginPageStepDef.user_is_on_the_login_page(StudentLoginPageStepDef.java:15)\r\n\tat ✽.user is on the login page(file:///D:/Edrive/Study/Geeta_Workspace/com.SeleniumBDDTestNg/src/test/resources/Features/StudentLogin.feature:13)\r\n","duration":1267032400,"status":"failed"},"line":13,"name":"user is on the login page","match":{"location":"StepDefinitions.StudentLoginPageStepDef.user_is_on_the_login_page()"},"keyword":"Given "},{"result":{"duration":1248100,"status":"skipped"},"line":14,"name":"the user enters username \"invalidUser\" and password \"invalidPass\"","match":{"arguments":[{"val":"\"invalidUser\"","offset":25},{"val":"\"invalidPass\"","offset":52}],"location":"StepDefinitions.StudentLoginPageStepDef.the_user_enters_username_and_password(java.lang.String,java.lang.String)"},"keyword":"When "},{"result":{"duration":4993500,"status":"skipped"},"line":15,"name":"clicks on login button","match":{"location":"StepDefinitions.StudentLoginPageStepDef.clicks_on_login_button()"},"keyword":"And "},{"result":{"duration":997600,"status":"skipped"},"line":16,"name":"an error message \"Your username is invalid!\" should be displayed","match":{"arguments":[{"val":"\"Your username is invalid!\"","offset":17}],"location":"StepDefinitions.StudentLoginPageStepDef.an_error_message_should_be_displayed(java.lang.String)"},"keyword":"Then "}]},{"start_timestamp":"2025-12-14T08:30:46.362Z","before":[{"result":{"duration":4660773200,"status":"passed"},"match":{"location":"Utilities.Hooks.setUp()"}}],"line":21,"name":"Invalid login – wrong password","description":"","id":"test-login-page;invalid-login-–-<case>;;3","after":[{"result":{"error_message":"org.openqa.selenium.NoSuchWindowException: no such window: target window already closed\nfrom unknown error: web view not found\n  (Session info: chrome=143.0.7499.110)\nBuild info: version: '4.39.0', revision: '126f156aee'\nSystem info: os.name: 'Windows 11', os.arch: 'amd64', os.version: '10.0', java.version: '22'\nDriver info: org.openqa.selenium.chrome.ChromeDriver\nCommand: [21bf0ddb984c7de40d7d3dd12286fb40, screenshot {}]\nCapabilities {acceptInsecureCerts: false, browserName: chrome, browserVersion: 143.0.7499.110, chrome: {chromedriverVersion: 143.0.7499.42 (24bdc8c48a0c..., userDataDir: C:\\Users\\geeta\\AppData\\Loca...}, fedcm:accounts: true, goog:chromeOptions: {debuggerAddress: localhost:54062}, goog:processID: 18576, networkConnectionEnabled: false, pageLoadStrategy: normal, platformName: windows, proxy: Proxy(), se:cdp: ws://localhost:54062/devtoo..., se:cdpVersion: 143.0.7499.110, setWindowRect: true, strictFileInteractability: false, timeouts: {implicit: 0, pageLoad: 300000, script: 30000}, unhandledPromptBehavior: dismiss and notify, webauthn:extension:credBlob: true, webauthn:extension:largeBlob: true, webauthn:extension:minPinLength: true, webauthn:extension:prf: true, webauthn:virtualAuthenticators: true}\nSession ID: 21bf0ddb984c7de40d7d3dd12286fb40\r\n\tat java.base/jdk.internal.reflect.DirectConstructorHandleAccessor.newInstance(DirectConstructorHandleAccessor.java:62)\r\n\tat java.base/java.lang.reflect.Constructor.newInstanceWithCaller(Constructor.java:502)\r\n\tat java.base/java.lang.reflect.Constructor.newInstance(Constructor.java:486)\r\n\tat org.openqa.selenium.remote.ErrorCodec.decode(ErrorCodec.java:167)\r\n\tat org.openqa.selenium.remote.codec.w3c.W3CHttpResponseCodec.decode(W3CHttpResponseCodec.java:142)\r\n\tat org.openqa.selenium.remote.codec.w3c.W3CHttpResponseCodec.decode(W3CHttpResponseCodec.java:49)\r\n\tat org.openqa.selenium.remote.HttpCommandExecutor.execute(HttpCommandExecutor.java:215)\r\n\tat org.openqa.selenium.remote.service.DriverCommandExecutor.invokeExecute(DriverCommandExecutor.java:216)\r\n\tat org.openqa.selenium.remote.service.DriverCommandExecutor.execute(DriverCommandExecutor.java:174)\r\n\tat org.openqa.selenium.remote.RemoteWebDriver.execute(RemoteWebDriver.java:561)\r\n\tat org.openqa.selenium.remote.RemoteWebDriver.execute(RemoteWebDriver.java:638)\r\n\tat org.openqa.selenium.remote.RemoteWebDriver.execute(RemoteWebDriver.java:642)\r\n\tat org.openqa.selenium.remote.RemoteWebDriver.getScreenshotAs(RemoteWebDriver.java:350)\r\n\tat Utilities.Hooks.tearDown(Hooks.java:59)\r\n","duration":16422200,"status":"failed"},"match":{"location":"Utilities.Hooks.tearDown(io.cucumber.java.Scenario)"}}],"type":"scenario","keyword":"Scenario Outline","steps":[{"result":{"error_message":"org.openqa.selenium.NoSuchWindowException: no such window: target window already closed\nfrom unknown error: web view not found\n  (Session info: chrome=143.0.7499.110)\nBuild info: version: '4.39.0', revision: '126f156aee'\nSystem info: os.name: 'Windows 11', os.arch: 'amd64', os.version: '10.0', java.version: '22'\nDriver info: org.openqa.selenium.chrome.ChromeDriver\nCommand: [21bf0ddb984c7de40d7d3dd12286fb40, get {url=https://practicetestautomation.com/practice-test-login/}]\nCapabilities {acceptInsecureCerts: false, browserName: chrome, browserVersion: 143.0.7499.110, chrome: {chromedriverVersion: 143.0.7499.42 (24bdc8c48a0c..., userDataDir: C:\\Users\\geeta\\AppData\\Loca...}, fedcm:accounts: true, goog:chromeOptions: {debuggerAddress: localhost:54062}, goog:processID: 18576, networkConnectionEnabled: false, pageLoadStrategy: normal, platformName: windows, proxy: Proxy(), se:cdp: ws://localhost:54062/devtoo..., se:cdpVersion: 143.0.7499.110, setWindowRect: true, strictFileInteractability: false, timeouts: {implicit: 0, pageLoad: 300000, script: 30000}, unhandledPromptBehavior: dismiss and notify, webauthn:extension:credBlob: true, webauthn:extension:largeBlob: true, webauthn:extension:minPinLength: true, webauthn:extension:prf: true, webauthn:virtualAuthenticators: true}\nSession ID: 21bf0ddb984c7de40d7d3dd12286fb40\r\n\tat java.base/jdk.internal.reflect.DirectConstructorHandleAccessor.newInstance(DirectConstructorHandleAccessor.java:62)\r\n\tat java.base/java.lang.reflect.Constructor.newInstanceWithCaller(Constructor.java:502)\r\n\tat java.base/java.lang.reflect.Constructor.newInstance(Constructor.java:486)\r\n\tat org.openqa.selenium.remote.ErrorCodec.decode(ErrorCodec.java:167)\r\n\tat org.openqa.selenium.remote.codec.w3c.W3CHttpResponseCodec.decode(W3CHttpResponseCodec.java:142)\r\n\tat org.openqa.selenium.remote.codec.w3c.W3CHttpResponseCodec.decode(W3CHttpResponseCodec.java:49)\r\n\tat org.openqa.selenium.remote.HttpCommandExecutor.execute(HttpCommandExecutor.java:215)\r\n\tat org.openqa.selenium.remote.service.DriverCommandExecutor.invokeExecute(DriverCommandExecutor.java:216)\r\n\tat org.openqa.selenium.remote.service.DriverCommandExecutor.execute(DriverCommandExecutor.java:174)\r\n\tat org.openqa.selenium.remote.RemoteWebDriver.execute(RemoteWebDriver.java:561)\r\n\tat org.openqa.selenium.remote.RemoteWebDriver.get(RemoteWebDriver.java:329)\r\n\tat StepDefinitions.StudentLoginPageStepDef.user_is_on_the_login_page(StudentLoginPageStepDef.java:15)\r\n\tat ✽.user is on the login page(file:///D:/Edrive/Study/Geeta_Workspace/com.SeleniumBDDTestNg/src/test/resources/Features/StudentLogin.feature:13)\r\n","duration":1267032400,"status":"failed"},"line":13,"name":"user is on the login page","match":{"location":"StepDefinitions.StudentLoginPageStepDef.user_is_on_the_login_page()"},"keyword":"Given "},{"result":{"duration":6072600,"status":"skipped"},"line":14,"name":"the user enters username \"VALID_USER\" and password \"wrongPass\"","match":{"arguments":[{"val":"\"VALID_USER\"","offset":25},{"val":"\"wrongPass\"","offset":51}],"location":"StepDefinitions.StudentLoginPageStepDef.the_user_enters_username_and_password(java.lang.String,java.lang.String)"},"keyword":"When "},{"result":{"duration":3980800,"status":"skipped"},"line":15,"name":"clicks on login button","match":{"location":"StepDefinitions.StudentLoginPageStepDef.clicks_on_login_button()"},"keyword":"And "},{"result":{"duration":5063900,"status":"skipped"},"line":16,"name":"an error message \"Your password is invalid!\" should be displayed","match":{"arguments":[{"val":"\"Your password is invalid!\"","offset":17}],"location":"StepDefinitions.StudentLoginPageStepDef.an_error_message_should_be_displayed(java.lang.String)"},"keyword":"Then "}]},{"start_timestamp":"2025-12-14T08:30:46.363Z","before":[{"result":{"duration":4659496800,"status":"passed"},"match":{"location":"Utilities.Hooks.setUp()"}}],"line":22,"name":"Invalid login – blank credentials","description":"","id":"test-login-page;invalid-login-–-<case>;;4","after":[{"result":{"error_message":"org.openqa.selenium.NoSuchWindowException: no such window: target window already closed\nfrom unknown error: web view not found\n  (Session info: chrome=143.0.7499.110)\nBuild info: version: '4.39.0', revision: '126f156aee'\nSystem info: os.name: 'Windows 11', os.arch: 'amd64', os.version: '10.0', java.version: '22'\nDriver info: org.openqa.selenium.chrome.ChromeDriver\nCommand: [21bf0ddb984c7de40d7d3dd12286fb40, screenshot {}]\nCapabilities {acceptInsecureCerts: false, browserName: chrome, browserVersion: 143.0.7499.110, chrome: {chromedriverVersion: 143.0.7499.42 (24bdc8c48a0c..., userDataDir: C:\\Users\\geeta\\AppData\\Loca...}, fedcm:accounts: true, goog:chromeOptions: {debuggerAddress: localhost:54062}, goog:processID: 18576, networkConnectionEnabled: false, pageLoadStrategy: normal, platformName: windows, proxy: Proxy(), se:cdp: ws://localhost:54062/devtoo..., se:cdpVersion: 143.0.7499.110, setWindowRect: true, strictFileInteractability: false, timeouts: {implicit: 0, pageLoad: 300000, script: 30000}, unhandledPromptBehavior: dismiss and notify, webauthn:extension:credBlob: true, webauthn:extension:largeBlob: true, webauthn:extension:minPinLength: true, webauthn:extension:prf: true, webauthn:virtualAuthenticators: true}\nSession ID: 21bf0ddb984c7de40d7d3dd12286fb40\r\n\tat java.base/jdk.internal.reflect.DirectConstructorHandleAccessor.newInstance(DirectConstructorHandleAccessor.java:62)\r\n\tat java.base/java.lang.reflect.Constructor.newInstanceWithCaller(Constructor.java:502)\r\n\tat java.base/java.lang.reflect.Constructor.newInstance(Constructor.java:486)\r\n\tat org.openqa.selenium.remote.ErrorCodec.decode(ErrorCodec.java:167)\r\n\tat org.openqa.selenium.remote.codec.w3c.W3CHttpResponseCodec.decode(W3CHttpResponseCodec.java:142)\r\n\tat org.openqa.selenium.remote.codec.w3c.W3CHttpResponseCodec.decode(W3CHttpResponseCodec.java:49)\r\n\tat org.openqa.selenium.remote.HttpCommandExecutor.execute(HttpCommandExecutor.java:215)\r\n\tat org.openqa.selenium.remote.service.DriverCommandExecutor.invokeExecute(DriverCommandExecutor.java:216)\r\n\tat org.openqa.selenium.remote.service.DriverCommandExecutor.execute(DriverCommandExecutor.java:174)\r\n\tat org.openqa.selenium.remote.RemoteWebDriver.execute(RemoteWebDriver.java:561)\r\n\tat org.openqa.selenium.remote.RemoteWebDriver.execute(RemoteWebDriver.java:638)\r\n\tat org.openqa.selenium.remote.RemoteWebDriver.execute(RemoteWebDriver.java:642)\r\n\tat org.openqa.selenium.remote.RemoteWebDriver.getScreenshotAs(RemoteWebDriver.java:350)\r\n\tat Utilities.Hooks.tearDown(Hooks.java:59)\r\n","duration":27078600,"status":"failed"},"match":{"location":"Utilities.Hooks.tearDown(io.cucumber.java.Scenario)"}}],"type":"scenario","keyword":"Scenario Outline","steps":[{"result":{"duration":1332618500,"status":"passed"},"line":13,"name":"user is on the login page","match":{"location":"StepDefinitions.StudentLoginPageStepDef.user_is_on_the_login_page()"},"keyword":"Given "},{"result":{"error_message":"org.openqa.selenium.NoSuchWindowException: no such window: target window already closed\nfrom unknown error: web view not found\n  (Session info: chrome=143.0.7499.110)\nBuild info: version: '4.39.0', revision: '126f156aee'\nSystem info: os.name: 'Windows 11', os.arch: 'amd64', os.version: '10.0', java.version: '22'\nDriver info: org.openqa.selenium.chrome.ChromeDriver\nCommand: [21bf0ddb984c7de40d7d3dd12286fb40, findElement {value=password, using=id}]\nCapabilities {acceptInsecureCerts: false, browserName: chrome, browserVersion: 143.0.7499.110, chrome: {chromedriverVersion: 143.0.7499.42 (24bdc8c48a0c..., userDataDir: C:\\Users\\geeta\\AppData\\Loca...}, fedcm:accounts: true, goog:chromeOptions: {debuggerAddress: localhost:54062}, goog:processID: 18576, networkConnectionEnabled: false, pageLoadStrategy: normal, platformName: windows, proxy: Proxy(), se:cdp: ws://localhost:54062/devtoo..., se:cdpVersion: 143.0.7499.110, setWindowRect: true, strictFileInteractability: false, timeouts: {implicit: 0, pageLoad: 300000, script: 30000}, unhandledPromptBehavior: dismiss and notify, webauthn:extension:credBlob: true, webauthn:extension:largeBlob: true, webauthn:extension:minPinLength: true, webauthn:extension:prf: true, webauthn:virtualAuthenticators: true}\nSession ID: 21bf0ddb984c7de40d7d3dd12286fb40\r\n\tat java.base/jdk.internal.reflect.DirectConstructorHandleAccessor.newInstance(DirectConstructorHandleAccessor.java:62)\r\n\tat java.base/java.lang.reflect.Constructor.newInstanceWithCaller(Constructor.java:502)\r\n\tat java.base/java.lang.reflect.Constructor.newInstance(Constructor.java:486)\r\n\tat org.openqa.selenium.remote.ErrorCodec.decode(ErrorCodec.java:167)\r\n\tat org.openqa.selenium.remote.codec.w3c.W3CHttpResponseCodec.decode(W3CHttpResponseCodec.java:142)\r\n\tat org.openqa.selenium.remote.codec.w3c.W3CHttpResponseCodec.decode(W3CHttpResponseCodec.java:49)\r\n\tat org.openqa.selenium.remote.HttpCommandExecutor.execute(HttpCommandExecutor.java:215)\r\n\tat org.openqa.selenium.remote.service.DriverCommandExecutor.invokeExecute(DriverCommandExecutor.java:216)\r\n\tat org.openqa.selenium.remote.service.DriverCommandExecutor.execute(DriverCommandExecutor.java:174)\r\n\tat org.openqa.selenium.remote.RemoteWebDriver.execute(RemoteWebDriver.java:561)\r\n\tat org.openqa.selenium.remote.ElementLocation$ElementFinder$2.findElement(ElementLocation.java:166)\r\n\tat org.openqa.selenium.remote.ElementLocation.findElement(ElementLocation.java:67)\r\n\tat org.openqa.selenium.remote.RemoteWebDriver.findElement(RemoteWebDriver.java:384)\r\n\tat org.openqa.selenium.remote.RemoteWebDriver.findElement(RemoteWebDriver.java:378)\r\n\tat org.openqa.selenium.support.pagefactory.DefaultElementLocator.findElement(DefaultElementLocator.java:68)\r\n\tat org.openqa.selenium.support.pagefactory.internal.LocatingElementHandler.invoke(LocatingElementHandler.java:38)\r\n\tat jdk.proxy2/jdk.proxy2.$Proxy29.sendKeys(Unknown Source)\r\n\tat Pages.StudentLoginPage.enterPassword(StudentLoginPage.java:30)\r\n\tat StepDefinitions.StudentLoginPageStepDef.the_user_enters_username_and_password(StudentLoginPageStepDef.java:29)\r\n\tat ✽.the user enters username \"blankUser\" and password \"blankPass\"(file:///D:/Edrive/Study/Geeta_Workspace/com.SeleniumBDDTestNg/src/test/resources/Features/StudentLogin.feature:14)\r\n","duration":18489600,"status":"failed"},"line":14,"name":"the user enters username \"blankUser\" and password \"blankPass\"","match":{"arguments":[{"val":"\"blankUser\"","offset":25},{"val":"\"blankPass\"","offset":50}],"location":"StepDefinitions.StudentLoginPageStepDef.the_user_enters_username_and_password(java.lang.String,java.lang.String)"},"keyword":"When "},{"result":{"duration":996700,"status":"skipped"},"line":15,"name":"clicks on login button","match":{"location":"StepDefinitions.StudentLoginPageStepDef.clicks_on_login_button()"},"keyword":"And "},{"result":{"duration":1000200,"status":"skipped"},"line":16,"name":"an error message \"Your username is invalid!\" should be displayed","match":{"arguments":[{"val":"\"Your username is invalid!\"","offset":17}],"location":"StepDefinitions.StudentLoginPageStepDef.an_error_message_should_be_displayed(java.lang.String)"},"keyword":"Then "}]}],"name":"Test Login Page","description":"  I want to test Student Login functionality","id":"test-login-page","keyword":"Feature","uri":"file:src/test/resources/Features/StudentLogin.feature","tags":[]}]