<?xml version="1.0" encoding="UTF-8"?>
<testng-results ignored="0" total="4" passed="3" failed="1" skipped="0">
  <reporter-output>
  </reporter-output>
  <suite started-at="2025-12-14T18:52:40 IST" name="Default suite" finished-at="2025-12-14T18:52:53 IST" duration-ms="12755">
    <groups>
      <group name="cucumber">
        <method signature="AbstractTestNGCucumberTests.runScenario(io.cucumber.testng.PickleWrapper,io.cucumber.testng.FeatureWrapper)[pri:0, instance:Runner.Runners@2f465398]" name="runScenario" class="io.cucumber.testng.AbstractTestNGCucumberTests"/>
      </group> <!-- cucumber -->
    </groups>
    <test started-at="2025-12-14T18:52:40 IST" name="Default test" finished-at="2025-12-14T18:52:53 IST" duration-ms="12755">
      <class name="Runner.Runners">
        <test-method is-config="true" signature="setUpClass(org.testng.ITestContext)[pri:0, instance:Runner.Runners@2f465398]" started-at="2025-12-14T18:52:40 IST" name="setUpClass" finished-at="2025-12-14T18:52:41 IST" duration-ms="818" status="PASS">
          <params>
            <param index="0">
              <value>
                <![CDATA[org.testng.TestRunner@55e3d6c3]]>
              </value>
            </param>
          </params>
          <reporter-output>
          </reporter-output>
        </test-method> <!-- setUpClass -->
        <test-method signature="runScenario(io.cucumber.testng.PickleWrapper,io.cucumber.testng.FeatureWrapper)[pri:0, instance:Runner.Runners@2f465398]" started-at="2025-12-14T18:52:41 IST" name="runScenario" description="Runs Cucumber Scenarios" data-provider="scenarios" finished-at="2025-12-14T18:52:53 IST" duration-ms="11559" status="PASS">
          <params>
            <param index="0">
              <value>
                <![CDATA["Valid login with correct credentials"]]>
              </value>
            </param>
            <param index="1">
              <value>
                <![CDATA["Test Login Page"]]>
              </value>
            </param>
          </params>
          <reporter-output>
          </reporter-output>
        </test-method> <!-- runScenario -->
        <test-method signature="runScenario(io.cucumber.testng.PickleWrapper,io.cucumber.testng.FeatureWrapper)[pri:0, instance:Runner.Runners@2f465398]" started-at="2025-12-14T18:52:41 IST" name="runScenario" description="Runs Cucumber Scenarios" data-provider="scenarios" finished-at="2025-12-14T18:52:52 IST" duration-ms="11358" status="PASS">
          <params>
            <param index="0">
              <value>
                <![CDATA["Invalid login – invalid user/pass"]]>
              </value>
            </param>
            <param index="1">
              <value>
                <![CDATA["Test Login Page"]]>
              </value>
            </param>
          </params>
          <reporter-output>
          </reporter-output>
        </test-method> <!-- runScenario -->
        <test-method signature="runScenario(io.cucumber.testng.PickleWrapper,io.cucumber.testng.FeatureWrapper)[pri:0, instance:Runner.Runners@2f465398]" started-at="2025-12-14T18:52:41 IST" name="runScenario" description="Runs Cucumber Scenarios" data-provider="scenarios" finished-at="2025-12-14T18:52:52 IST" duration-ms="10920" status="PASS">
          <params>
            <param index="0">
              <value>
                <![CDATA["Invalid login – blank credentials"]]>
              </value>
            </param>
            <param index="1">
              <value>
                <![CDATA["Test Login Page"]]>
              </value>
            </param>
          </params>
          <reporter-output>
          </reporter-output>
        </test-method> <!-- runScenario -->
        <test-method signature="runScenario(io.cucumber.testng.PickleWrapper,io.cucumber.testng.FeatureWrapper)[pri:0, instance:Runner.Runners@2f465398]" started-at="2025-12-14T18:52:41 IST" name="runScenario" description="Runs Cucumber Scenarios" data-provider="scenarios" finished-at="2025-12-14T18:52:52 IST" duration-ms="11247" status="FAIL">
          <params>
            <param index="0">
              <value>
                <![CDATA["Invalid login – wrong password"]]>
              </value>
            </param>
            <param index="1">
              <value>
                <![CDATA["Test Login Page"]]>
              </value>
            </param>
          </params>
          <exception class="java.lang.AssertionError">
            <message>
              <![CDATA[expected [true] but found [false]]]>
            </message>
            <full-stacktrace>
              <![CDATA[java.lang.AssertionError: expected [true] but found [false]
at org.testng.Assert.fail(Assert.java:111)
at org.testng.Assert.failNotEquals(Assert.java:1590)
at org.testng.Assert.assertTrue(Assert.java:57)
at org.testng.Assert.assertTrue(Assert.java:67)
at StepDefinitions.StudentLoginPageStepDef.an_error_message_should_be_displayed(StudentLoginPageStepDef.java:68)
at ✽.an error message "Your password is invalid!" should be displayed(file:///D:/Edrive/Study/Geeta_Workspace/com.SeleniumBDDTestNg/src/test/resources/Features/StudentLogin.feature:16)
]]>
            </full-stacktrace>
          </exception> <!-- java.lang.AssertionError -->
          <reporter-output>
          </reporter-output>
        </test-method> <!-- runScenario -->
        <test-method is-config="true" signature="tearDownClass()[pri:0, instance:Runner.Runners@2f465398]" started-at="2025-12-14T18:52:53 IST" name="tearDownClass" finished-at="2025-12-14T18:52:53 IST" duration-ms="326" status="PASS">
          <reporter-output>
          </reporter-output>
        </test-method> <!-- tearDownClass -->
      </class> <!-- Runner.Runners -->
    </test> <!-- Default test -->
  </suite> <!-- Default suite -->
</testng-results>
