<?xml version="1.0" encoding="UTF-8"?>
<!-- Generated by org.testng.reporters.JUnitReportReporter -->
<testsuite hostname="Geeta" failures="0" tests="4" name="Runner.Runners" time="28.512" errors="0" timestamp="2025-12-17T10:29:42 IST" skipped="0">
  <testcase classname="Runner.Runners" name="runScenario" time="5.446"/>
  <testcase classname="Runner.Runners" name="runScenario" time="5.629"/>
  <testcase classname="Runner.Runners" name="runScenario" time="11.866"/>
  <testcase classname="Runner.Runners" name="runScenario" time="5.571"/>
</testsuite> <!-- Runner.Runners -->
