<?xml version="1.0" encoding="UTF-8"?>
<!-- Generated by org.testng.reporters.JUnitReportReporter -->
<testsuite hostname="Geeta" failures="1" tests="4" name="Runner.Runners" time="40.223" errors="0" timestamp="2025-12-14T20:19:31 GMT+05:30" skipped="0">
  <testcase classname="Runner.Runners" name="runScenario" time="9.704"/>
  <testcase classname="Runner.Runners" name="runScenario" time="10.597"/>
  <testcase classname="Runner.Runners" name="runScenario" time="10.231">
    <failure message="Expected error message to contain: Your password is invalid! but got: Your username is invalid! expected [true] but found [false]" type="java.lang.AssertionError">
      <![CDATA[java.lang.AssertionError: Expected error message to contain: Your password is invalid! but got: Your username is invalid! expected [true] but found [false]
at org.testng.Assert.fail(Assert.java:111)
at org.testng.Assert.failNotEquals(Assert.java:1590)
at org.testng.Assert.assertTrue(Assert.java:57)
at StepDefinitions.StudentLoginPageStepDef.an_error_message_should_be_displayed(StudentLoginPageStepDef.java:68)
at ✽.an error message "Your password is invalid!" should be displayed(file:///D:/Edrive/Study/Geeta_Workspace/com.SeleniumBDDTestNg/src/test/resources/Features/StudentLogin.feature:17)
]]>
    </failure>
  </testcase> <!-- runScenario -->
  <testcase classname="Runner.Runners" name="runScenario" time="9.691"/>
</testsuite> <!-- Runner.Runners -->
