<?xml version="1.0" encoding="UTF-8"?>
<!-- Generated by org.testng.reporters.JUnitReportReporter -->
<testsuite hostname="Geeta" failures="1" tests="4" name="Runner.Runners" time="45.084" errors="0" timestamp="2025-12-14T18:52:53 IST" skipped="0">
  <testcase classname="Runner.Runners" name="runScenario" time="11.559"/>
  <testcase classname="Runner.Runners" name="runScenario" time="11.358"/>
  <testcase classname="Runner.Runners" name="runScenario" time="10.920"/>
  <testcase classname="Runner.Runners" name="runScenario" time="11.247">
    <failure message="expected [true] but found [false]" type="java.lang.AssertionError">
      <![CDATA[java.lang.AssertionError: expected [true] but found [false]
at org.testng.Assert.fail(Assert.java:111)
at org.testng.Assert.failNotEquals(Assert.java:1590)
at org.testng.Assert.assertTrue(Assert.java:57)
at org.testng.Assert.assertTrue(Assert.java:67)
at StepDefinitions.StudentLoginPageStepDef.an_error_message_should_be_displayed(StudentLoginPageStepDef.java:68)
at ✽.an error message "Your password is invalid!" should be displayed(file:///D:/Edrive/Study/Geeta_Workspace/com.SeleniumBDDTestNg/src/test/resources/Features/StudentLogin.feature:16)
]]>
    </failure>
  </testcase> <!-- runScenario -->
</testsuite> <!-- Runner.Runners -->
